d:\courses\cpp\projects\lab02\proj.win32\lab02.dir\debug\appdelegate.obj
d:\courses\cpp\projects\lab02\proj.win32\lab02.dir\debug\block.obj
d:\courses\cpp\projects\lab02\proj.win32\lab02.dir\debug\diamond.obj
d:\courses\cpp\projects\lab02\proj.win32\lab02.dir\debug\tetrisscene.obj
d:\courses\cpp\projects\lab02\proj.win32\lab02.dir\debug\main.obj
d:\courses\cpp\projects\lab02\proj.win32\lab02.dir\debug\precheader.obj
d:\courses\cpp\projects\lab02\proj.win32\lab02.dir\debug\mymenu.obj
d:\courses\cpp\projects\lab02\proj.win32\lab02.dir\debug\board.obj
d:\courses\cpp\projects\lab02\proj.win32\lab02.dir\debug\vc143.pdb
d:\courses\cpp\projects\lab02\proj.win32\cmakefiles\generate.stamp
d:\courses\cpp\projects\lab02\proj.win32\debug\lab02.lib
d:\courses\cpp\projects\lab02\proj.win32\debug\lab02.exp
d:\courses\cpp\projects\lab02\proj.win32\bin\lab02\debug\lab02.exe
d:\courses\cpp\projects\lab02\proj.win32\lab02.dir\debug\lab02.ilk
d:\courses\cpp\projects\lab02\proj.win32\bin\lab02\debug\lab02.pdb
d:\courses\cpp\projects\lab02\proj.win32\lab02.dir\debug\game.res
d:\courses\cpp\projects\lab02\proj.win32\lab02.dir\debug\lab02.tlog\cl.command.1.tlog
d:\courses\cpp\projects\lab02\proj.win32\lab02.dir\debug\lab02.tlog\cl.read.1.tlog
d:\courses\cpp\projects\lab02\proj.win32\lab02.dir\debug\lab02.tlog\cl.write.1.tlog
d:\courses\cpp\projects\lab02\proj.win32\lab02.dir\debug\lab02.tlog\custombuild.command.1.tlog
d:\courses\cpp\projects\lab02\proj.win32\lab02.dir\debug\lab02.tlog\custombuild.read.1.tlog
d:\courses\cpp\projects\lab02\proj.win32\lab02.dir\debug\lab02.tlog\custombuild.write.1.tlog
d:\courses\cpp\projects\lab02\proj.win32\lab02.dir\debug\lab02.tlog\link.command.1.tlog
d:\courses\cpp\projects\lab02\proj.win32\lab02.dir\debug\lab02.tlog\link.read.1.tlog
d:\courses\cpp\projects\lab02\proj.win32\lab02.dir\debug\lab02.tlog\link.write.1.tlog
d:\courses\cpp\projects\lab02\proj.win32\lab02.dir\debug\lab02.tlog\link.write.2u.tlog
d:\courses\cpp\projects\lab02\proj.win32\lab02.dir\debug\lab02.tlog\rc.command.1.tlog
d:\courses\cpp\projects\lab02\proj.win32\lab02.dir\debug\lab02.tlog\rc.read.1.tlog
d:\courses\cpp\projects\lab02\proj.win32\lab02.dir\debug\lab02.tlog\rc.write.1.tlog
